<?xml version="1.0" encoding="UTF-8"?>
<!-- Generated by org.testng.reporters.JUnitReportReporter -->
<testsuite hostname="DESKTOP-CMJASRB" failures="0" tests="1" name="pagewithoutannotation.Loginwithoutfindby" time="12.604" errors="0" timestamp="2022-12-31T15:15:58 IST" skipped="0">
  <testcase classname="pagewithoutannotation.Loginwithoutfindby" name="login" time="12.604"/>
  <system-out/>
</testsuite> <!-- pagewithoutannotation.Loginwithoutfindby -->
